# JRE version: OpenJDK Runtime Environment (21.0.7+6) (build 21.0.7+6-nixos)
# Java VM: OpenJDK 64-Bit Server VM (21.0.7+6-nixos, mixed mode, sharing, tiered, compressed oops, compressed class ptrs, g1 gc, linux-amd64)
GC Precious Log:
 CardTable entry size: 512
 Card Set container configuration: InlinePtr #cards 4 size 8 Array Of Cards #cards 64 size 144 Howl #buckets 8 coarsen threshold 14745 Howl Bitmap #cards 2048 size 272 coarsen threshold 1843 Card regions per heap region 1 cards per card region 16384
 CPUs: 8 total, 6 available
 Memory: 64306M
 Large Page Support: Disabled
 NUMA Support: Disabled
 Compressed Oops: Enabled (Zero based)
 Heap Region Size: 8M
 Heap Min Capacity: 8M
 Heap Initial Capacity: 1008M
 Heap Max Capacity: 16080M
 Pre-touch: Disabled
 Parallel Workers: 6
 Concurrent Workers: 2
 Concurrent Refinement Workers: 6
 Periodic GC: Disabled
Heap:
 garbage-first heap   total 114688K, used 54739K [0x0000000413000000, 0x0000000800000000)
  region size 8192K, 6 young (49152K), 1 survivors (8192K)
 Metaspace       used 29334K, committed 29696K, reserved 1114112K
  class space    used 3297K, committed 3456K, reserved 1048576K
GC Heap History (20 events):
Event: 94.064 GC heap before
{Heap before GC invocations=5 (full 0):
 garbage-first heap   total 114688K, used 79180K [0x0000000413000000, 0x0000000800000000)
  region size 8192K, 8 young (65536K), 1 survivors (8192K)
 Metaspace       used 28685K, committed 29056K, reserved 1114112K
  class space    used 3296K, committed 3456K, reserved 1048576K
}
Event: 94.065 GC heap after
{Heap after GC invocations=6 (full 0):
 garbage-first heap   total 114688K, used 21674K [0x0000000413000000, 0x0000000800000000)
  region size 8192K, 1 young (8192K), 1 survivors (8192K)
 Metaspace       used 28685K, committed 29056K, reserved 1114112K
  class space    used 3296K, committed 3456K, reserved 1048576K
}
Event: 143.131 GC heap before
{Heap before GC invocations=6 (full 0):
 garbage-first heap   total 114688K, used 79018K [0x0000000413000000, 0x0000000800000000)
  region size 8192K, 8 young (65536K), 1 survivors (8192K)
 Metaspace       used 28847K, committed 29184K, reserved 1114112K
  class space    used 3296K, committed 3456K, reserved 1048576K
}
Event: 143.132 GC heap after
{Heap after GC invocations=7 (full 0):
 garbage-first heap   total 114688K, used 21672K [0x0000000413000000, 0x0000000800000000)
  region size 8192K, 1 young (8192K), 1 survivors (8192K)
 Metaspace       used 28847K, committed 29184K, reserved 1114112K
  class space    used 3296K, committed 3456K, reserved 1048576K
}
Event: 196.666 GC heap before
{Heap before GC invocations=7 (full 0):
 garbage-first heap   total 114688K, used 79016K [0x0000000413000000, 0x0000000800000000)
  region size 8192K, 8 young (65536K), 1 survivors (8192K)
 Metaspace       used 28956K, committed 29312K, reserved 1114112K
  class space    used 3296K, committed 3456K, reserved 1048576K
}
Event: 196.667 GC heap after
{Heap after GC invocations=8 (full 0):
 garbage-first heap   total 114688K, used 21759K [0x0000000413000000, 0x0000000800000000)
  region size 8192K, 1 young (8192K), 1 survivors (8192K)
 Metaspace       used 28956K, committed 29312K, reserved 1114112K
  class space    used 3296K, committed 3456K, reserved 1048576K
}
Event: 250.268 GC heap before
{Heap before GC invocations=8 (full 0):
 garbage-first heap   total 114688K, used 79103K [0x0000000413000000, 0x0000000800000000)
  region size 8192K, 8 young (65536K), 1 survivors (8192K)
 Metaspace       used 29025K, committed 29376K, reserved 1114112K
  class space    used 3296K, committed 3456K, reserved 1048576K
}
Event: 250.270 GC heap after
{Heap after GC invocations=9 (full 0):
 garbage-first heap   total 114688K, used 21762K [0x0000000413000000, 0x0000000800000000)
  region size 8192K, 1 young (8192K), 1 survivors (8192K)
 Metaspace       used 29025K, committed 29376K, reserved 1114112K
  class space    used 3296K, committed 3456K, reserved 1048576K
}
Event: 309.189 GC heap before
{Heap before GC invocations=9 (full 0):
 garbage-first heap   total 114688K, used 79106K [0x0000000413000000, 0x0000000800000000)
  region size 8192K, 8 young (65536K), 1 survivors (8192K)
 Metaspace       used 29098K, committed 29440K, reserved 1114112K
  class space    used 3296K, committed 3456K, reserved 1048576K
}
Event: 309.190 GC heap after
{Heap after GC invocations=10 (full 0):
 garbage-first heap   total 114688K, used 21957K [0x0000000413000000, 0x0000000800000000)
  region size 8192K, 1 young (8192K), 1 survivors (8192K)
 Metaspace       used 29098K, committed 29440K, reserved 1114112K
  class space    used 3296K, committed 3456K, reserved 1048576K
}
Event: 366.795 GC heap before
{Heap before GC invocations=10 (full 0):
 garbage-first heap   total 114688K, used 79301K [0x0000000413000000, 0x0000000800000000)
  region size 8192K, 8 young (65536K), 1 survivors (8192K)
 Metaspace       used 29127K, committed 29440K, reserved 1114112K
  class space    used 3297K, committed 3456K, reserved 1048576K
}
Event: 366.796 GC heap after
{Heap after GC invocations=11 (full 0):
 garbage-first heap   total 114688K, used 21740K [0x0000000413000000, 0x0000000800000000)
  region size 8192K, 1 young (8192K), 1 survivors (8192K)
 Metaspace       used 29127K, committed 29440K, reserved 1114112K
  class space    used 3297K, committed 3456K, reserved 1048576K
}
Event: 425.788 GC heap before
{Heap before GC invocations=11 (full 0):
 garbage-first heap   total 114688K, used 79084K [0x0000000413000000, 0x0000000800000000)
  region size 8192K, 8 young (65536K), 1 survivors (8192K)
 Metaspace       used 29215K, committed 29568K, reserved 1114112K
  class space    used 3297K, committed 3456K, reserved 1048576K
}
Event: 425.790 GC heap after
{Heap after GC invocations=12 (full 0):
 garbage-first heap   total 114688K, used 21858K [0x0000000413000000, 0x0000000800000000)
  region size 8192K, 1 young (8192K), 1 survivors (8192K)
 Metaspace       used 29215K, committed 29568K, reserved 1114112K
  class space    used 3297K, committed 3456K, reserved 1048576K
}
Event: 483.639 GC heap before
{Heap before GC invocations=12 (full 0):
 garbage-first heap   total 114688K, used 79202K [0x0000000413000000, 0x0000000800000000)
  region size 8192K, 8 young (65536K), 1 survivors (8192K)
 Metaspace       used 29248K, committed 29632K, reserved 1114112K
  class space    used 3297K, committed 3456K, reserved 1048576K
}
Event: 483.641 GC heap after
{Heap after GC invocations=13 (full 0):
 garbage-first heap   total 114688K, used 21758K [0x0000000413000000, 0x0000000800000000)
  region size 8192K, 1 young (8192K), 1 survivors (8192K)
 Metaspace       used 29248K, committed 29632K, reserved 1114112K
  class space    used 3297K, committed 3456K, reserved 1048576K
}
Event: 542.327 GC heap before
{Heap before GC invocations=13 (full 0):
 garbage-first heap   total 114688K, used 79102K [0x0000000413000000, 0x0000000800000000)
  region size 8192K, 8 young (65536K), 1 survivors (8192K)
 Metaspace       used 29281K, committed 29632K, reserved 1114112K
  class space    used 3297K, committed 3456K, reserved 1048576K
}
Event: 542.328 GC heap after
{Heap after GC invocations=14 (full 0):
 garbage-first heap   total 114688K, used 21741K [0x0000000413000000, 0x0000000800000000)
  region size 8192K, 1 young (8192K), 1 survivors (8192K)
 Metaspace       used 29281K, committed 29632K, reserved 1114112K
  class space    used 3297K, committed 3456K, reserved 1048576K
}
Event: 600.111 GC heap before
{Heap before GC invocations=14 (full 0):
 garbage-first heap   total 114688K, used 79085K [0x0000000413000000, 0x0000000800000000)
  region size 8192K, 8 young (65536K), 1 survivors (8192K)
 Metaspace       used 29302K, committed 29632K, reserved 1114112K
  class space    used 3297K, committed 3456K, reserved 1048576K
}
Event: 600.113 GC heap after
{Heap after GC invocations=15 (full 0):
 garbage-first heap   total 114688K, used 21971K [0x0000000413000000, 0x0000000800000000)
  region size 8192K, 1 young (8192K), 1 survivors (8192K)
 Metaspace       used 29302K, committed 29632K, reserved 1114112K
  class space    used 3297K, committed 3456K, reserved 1048576K
}

