# JRE version: OpenJDK Runtime Environment (21.0.7+6) (build 21.0.7+6-nixos)
# Java VM: OpenJDK 64-Bit Server VM (21.0.7+6-nixos, mixed mode, sharing, tiered, compressed oops, compressed class ptrs, g1 gc, linux-amd64)
GC Precious Log:
 CardTable entry size: 512
 Card Set container configuration: InlinePtr #cards 4 size 8 Array Of Cards #cards 64 size 144 Howl #buckets 8 coarsen threshold 14745 Howl Bitmap #cards 2048 size 272 coarsen threshold 1843 Card regions per heap region 1 cards per card region 16384
 CPUs: 8 total, 6 available
 Memory: 64306M
 Large Page Support: Disabled
 NUMA Support: Disabled
 Compressed Oops: Enabled (Zero based)
 Heap Region Size: 8M
 Heap Min Capacity: 8M
 Heap Initial Capacity: 1008M
 Heap Max Capacity: 16080M
 Pre-touch: Disabled
 Parallel Workers: 6
 Concurrent Workers: 2
 Concurrent Refinement Workers: 6
 Periodic GC: Disabled
Heap:
 garbage-first heap   total 114688K, used 63115K [0x0000000413000000, 0x0000000800000000)
  region size 8192K, 7 young (57344K), 1 survivors (8192K)
 Metaspace       used 29336K, committed 29696K, reserved 1114112K
  class space    used 3296K, committed 3456K, reserved 1048576K
GC Heap History (20 events):
Event: 94.107 GC heap before
{Heap before GC invocations=5 (full 0):
 garbage-first heap   total 114688K, used 79225K [0x0000000413000000, 0x0000000800000000)
  region size 8192K, 8 young (65536K), 1 survivors (8192K)
 Metaspace       used 28679K, committed 29056K, reserved 1114112K
  class space    used 3292K, committed 3456K, reserved 1048576K
}
Event: 94.109 GC heap after
{Heap after GC invocations=6 (full 0):
 garbage-first heap   total 114688K, used 21886K [0x0000000413000000, 0x0000000800000000)
  region size 8192K, 1 young (8192K), 1 survivors (8192K)
 Metaspace       used 28679K, committed 29056K, reserved 1114112K
  class space    used 3292K, committed 3456K, reserved 1048576K
}
Event: 144.638 GC heap before
{Heap before GC invocations=6 (full 0):
 garbage-first heap   total 114688K, used 79230K [0x0000000413000000, 0x0000000800000000)
  region size 8192K, 8 young (65536K), 1 survivors (8192K)
 Metaspace       used 28841K, committed 29184K, reserved 1114112K
  class space    used 3292K, committed 3456K, reserved 1048576K
}
Event: 144.639 GC heap after
{Heap after GC invocations=7 (full 0):
 garbage-first heap   total 114688K, used 21906K [0x0000000413000000, 0x0000000800000000)
  region size 8192K, 1 young (8192K), 1 survivors (8192K)
 Metaspace       used 28841K, committed 29184K, reserved 1114112K
  class space    used 3292K, committed 3456K, reserved 1048576K
}
Event: 194.743 GC heap before
{Heap before GC invocations=7 (full 0):
 garbage-first heap   total 114688K, used 79250K [0x0000000413000000, 0x0000000800000000)
  region size 8192K, 8 young (65536K), 1 survivors (8192K)
 Metaspace       used 28949K, committed 29248K, reserved 1114112K
  class space    used 3294K, committed 3456K, reserved 1048576K
}
Event: 194.745 GC heap after
{Heap after GC invocations=8 (full 0):
 garbage-first heap   total 114688K, used 21807K [0x0000000413000000, 0x0000000800000000)
  region size 8192K, 1 young (8192K), 1 survivors (8192K)
 Metaspace       used 28949K, committed 29248K, reserved 1114112K
  class space    used 3294K, committed 3456K, reserved 1048576K
}
Event: 247.504 GC heap before
{Heap before GC invocations=8 (full 0):
 garbage-first heap   total 114688K, used 79151K [0x0000000413000000, 0x0000000800000000)
  region size 8192K, 8 young (65536K), 1 survivors (8192K)
 Metaspace       used 29029K, committed 29440K, reserved 1114112K
  class space    used 3294K, committed 3456K, reserved 1048576K
}
Event: 247.505 GC heap after
{Heap after GC invocations=9 (full 0):
 garbage-first heap   total 114688K, used 21932K [0x0000000413000000, 0x0000000800000000)
  region size 8192K, 1 young (8192K), 1 survivors (8192K)
 Metaspace       used 29029K, committed 29440K, reserved 1114112K
  class space    used 3294K, committed 3456K, reserved 1048576K
}
Event: 303.021 GC heap before
{Heap before GC invocations=9 (full 0):
 garbage-first heap   total 114688K, used 79276K [0x0000000413000000, 0x0000000800000000)
  region size 8192K, 8 young (65536K), 1 survivors (8192K)
 Metaspace       used 29078K, committed 29440K, reserved 1114112K
  class space    used 3294K, committed 3456K, reserved 1048576K
}
Event: 303.023 GC heap after
{Heap after GC invocations=10 (full 0):
 garbage-first heap   total 114688K, used 21956K [0x0000000413000000, 0x0000000800000000)
  region size 8192K, 1 young (8192K), 1 survivors (8192K)
 Metaspace       used 29078K, committed 29440K, reserved 1114112K
  class space    used 3294K, committed 3456K, reserved 1048576K
}
Event: 360.413 GC heap before
{Heap before GC invocations=10 (full 0):
 garbage-first heap   total 114688K, used 79300K [0x0000000413000000, 0x0000000800000000)
  region size 8192K, 8 young (65536K), 1 survivors (8192K)
 Metaspace       used 29110K, committed 29440K, reserved 1114112K
  class space    used 3295K, committed 3456K, reserved 1048576K
}
Event: 360.415 GC heap after
{Heap after GC invocations=11 (full 0):
 garbage-first heap   total 114688K, used 21782K [0x0000000413000000, 0x0000000800000000)
  region size 8192K, 1 young (8192K), 1 survivors (8192K)
 Metaspace       used 29110K, committed 29440K, reserved 1114112K
  class space    used 3295K, committed 3456K, reserved 1048576K
}
Event: 418.056 GC heap before
{Heap before GC invocations=11 (full 0):
 garbage-first heap   total 114688K, used 79126K [0x0000000413000000, 0x0000000800000000)
  region size 8192K, 8 young (65536K), 1 survivors (8192K)
 Metaspace       used 29204K, committed 29504K, reserved 1114112K
  class space    used 3295K, committed 3456K, reserved 1048576K
}
Event: 418.059 GC heap after
{Heap after GC invocations=12 (full 0):
 garbage-first heap   total 114688K, used 21826K [0x0000000413000000, 0x0000000800000000)
  region size 8192K, 1 young (8192K), 1 survivors (8192K)
 Metaspace       used 29204K, committed 29504K, reserved 1114112K
  class space    used 3295K, committed 3456K, reserved 1048576K
}
Event: 476.090 GC heap before
{Heap before GC invocations=12 (full 0):
 garbage-first heap   total 114688K, used 79170K [0x0000000413000000, 0x0000000800000000)
  region size 8192K, 8 young (65536K), 1 survivors (8192K)
 Metaspace       used 29261K, committed 29632K, reserved 1114112K
  class space    used 3295K, committed 3456K, reserved 1048576K
}
Event: 476.091 GC heap after
{Heap after GC invocations=13 (full 0):
 garbage-first heap   total 114688K, used 21855K [0x0000000413000000, 0x0000000800000000)
  region size 8192K, 1 young (8192K), 1 survivors (8192K)
 Metaspace       used 29261K, committed 29632K, reserved 1114112K
  class space    used 3295K, committed 3456K, reserved 1048576K
}
Event: 535.309 GC heap before
{Heap before GC invocations=13 (full 0):
 garbage-first heap   total 114688K, used 79199K [0x0000000413000000, 0x0000000800000000)
  region size 8192K, 8 young (65536K), 1 survivors (8192K)
 Metaspace       used 29289K, committed 29632K, reserved 1114112K
  class space    used 3295K, committed 3456K, reserved 1048576K
}
Event: 535.311 GC heap after
{Heap after GC invocations=14 (full 0):
 garbage-first heap   total 114688K, used 21800K [0x0000000413000000, 0x0000000800000000)
  region size 8192K, 1 young (8192K), 1 survivors (8192K)
 Metaspace       used 29289K, committed 29632K, reserved 1114112K
  class space    used 3295K, committed 3456K, reserved 1048576K
}
Event: 595.940 GC heap before
{Heap before GC invocations=14 (full 0):
 garbage-first heap   total 114688K, used 79144K [0x0000000413000000, 0x0000000800000000)
  region size 8192K, 8 young (65536K), 1 survivors (8192K)
 Metaspace       used 29311K, committed 29696K, reserved 1114112K
  class space    used 3295K, committed 3456K, reserved 1048576K
}
Event: 595.942 GC heap after
{Heap after GC invocations=15 (full 0):
 garbage-first heap   total 114688K, used 22155K [0x0000000413000000, 0x0000000800000000)
  region size 8192K, 1 young (8192K), 1 survivors (8192K)
 Metaspace       used 29311K, committed 29696K, reserved 1114112K
  class space    used 3295K, committed 3456K, reserved 1048576K
}

