# JRE version: OpenJDK Runtime Environment (21.0.7+6) (build 21.0.7+6-nixos)
# Java VM: OpenJDK 64-Bit Server VM (21.0.7+6-nixos, mixed mode, sharing, tiered, compressed oops, compressed class ptrs, g1 gc, linux-amd64)
GC Precious Log:
 CardTable entry size: 512
 Card Set container configuration: InlinePtr #cards 4 size 8 Array Of Cards #cards 64 size 144 Howl #buckets 8 coarsen threshold 14745 Howl Bitmap #cards 2048 size 272 coarsen threshold 1843 Card regions per heap region 1 cards per card region 16384
 CPUs: 8 total, 6 available
 Memory: 64306M
 Large Page Support: Disabled
 NUMA Support: Disabled
 Compressed Oops: Enabled (Zero based)
 Heap Region Size: 8M
 Heap Min Capacity: 8M
 Heap Initial Capacity: 1008M
 Heap Max Capacity: 16080M
 Pre-touch: Disabled
 Parallel Workers: 6
 Concurrent Workers: 2
 Concurrent Refinement Workers: 6
 Periodic GC: Disabled
Heap:
 garbage-first heap   total 114688K, used 64042K [0x0000000413000000, 0x0000000800000000)
  region size 8192K, 7 young (57344K), 1 survivors (8192K)
 Metaspace       used 31769K, committed 32128K, reserved 1114112K
  class space    used 3603K, committed 3776K, reserved 1048576K
GC Heap History (20 events):
Event: 92.307 GC heap before
{Heap before GC invocations=5 (full 0):
 garbage-first heap   total 114688K, used 80161K [0x0000000413000000, 0x0000000800000000)
  region size 8192K, 8 young (65536K), 1 survivors (8192K)
 Metaspace       used 31102K, committed 31488K, reserved 1114112K
  class space    used 3600K, committed 3776K, reserved 1048576K
}
Event: 92.309 GC heap after
{Heap after GC invocations=6 (full 0):
 garbage-first heap   total 114688K, used 22689K [0x0000000413000000, 0x0000000800000000)
  region size 8192K, 1 young (8192K), 1 survivors (8192K)
 Metaspace       used 31102K, committed 31488K, reserved 1114112K
  class space    used 3600K, committed 3776K, reserved 1048576K
}
Event: 143.897 GC heap before
{Heap before GC invocations=6 (full 0):
 garbage-first heap   total 114688K, used 80033K [0x0000000413000000, 0x0000000800000000)
  region size 8192K, 8 young (65536K), 1 survivors (8192K)
 Metaspace       used 31257K, committed 31680K, reserved 1114112K
  class space    used 3600K, committed 3776K, reserved 1048576K
}
Event: 143.899 GC heap after
{Heap after GC invocations=7 (full 0):
 garbage-first heap   total 114688K, used 23019K [0x0000000413000000, 0x0000000800000000)
  region size 8192K, 1 young (8192K), 1 survivors (8192K)
 Metaspace       used 31257K, committed 31680K, reserved 1114112K
  class space    used 3600K, committed 3776K, reserved 1048576K
}
Event: 203.180 GC heap before
{Heap before GC invocations=7 (full 0):
 garbage-first heap   total 114688K, used 80363K [0x0000000413000000, 0x0000000800000000)
  region size 8192K, 8 young (65536K), 1 survivors (8192K)
 Metaspace       used 31378K, committed 31744K, reserved 1114112K
  class space    used 3600K, committed 3776K, reserved 1048576K
}
Event: 203.182 GC heap after
{Heap after GC invocations=8 (full 0):
 garbage-first heap   total 114688K, used 22923K [0x0000000413000000, 0x0000000800000000)
  region size 8192K, 1 young (8192K), 1 survivors (8192K)
 Metaspace       used 31378K, committed 31744K, reserved 1114112K
  class space    used 3600K, committed 3776K, reserved 1048576K
}
Event: 257.566 GC heap before
{Heap before GC invocations=8 (full 0):
 garbage-first heap   total 114688K, used 80267K [0x0000000413000000, 0x0000000800000000)
  region size 8192K, 8 young (65536K), 1 survivors (8192K)
 Metaspace       used 31458K, committed 31808K, reserved 1114112K
  class space    used 3601K, committed 3776K, reserved 1048576K
}
Event: 257.568 GC heap after
{Heap after GC invocations=9 (full 0):
 garbage-first heap   total 114688K, used 22905K [0x0000000413000000, 0x0000000800000000)
  region size 8192K, 1 young (8192K), 1 survivors (8192K)
 Metaspace       used 31458K, committed 31808K, reserved 1114112K
  class space    used 3601K, committed 3776K, reserved 1048576K
}
Event: 314.568 GC heap before
{Heap before GC invocations=9 (full 0):
 garbage-first heap   total 114688K, used 80249K [0x0000000413000000, 0x0000000800000000)
  region size 8192K, 8 young (65536K), 1 survivors (8192K)
 Metaspace       used 31524K, committed 31872K, reserved 1114112K
  class space    used 3601K, committed 3776K, reserved 1048576K
}
Event: 314.570 GC heap after
{Heap after GC invocations=10 (full 0):
 garbage-first heap   total 114688K, used 22983K [0x0000000413000000, 0x0000000800000000)
  region size 8192K, 1 young (8192K), 1 survivors (8192K)
 Metaspace       used 31524K, committed 31872K, reserved 1114112K
  class space    used 3601K, committed 3776K, reserved 1048576K
}
Event: 372.746 GC heap before
{Heap before GC invocations=10 (full 0):
 garbage-first heap   total 114688K, used 80327K [0x0000000413000000, 0x0000000800000000)
  region size 8192K, 8 young (65536K), 1 survivors (8192K)
 Metaspace       used 31571K, committed 31936K, reserved 1114112K
  class space    used 3601K, committed 3776K, reserved 1048576K
}
Event: 372.748 GC heap after
{Heap after GC invocations=11 (full 0):
 garbage-first heap   total 114688K, used 23001K [0x0000000413000000, 0x0000000800000000)
  region size 8192K, 1 young (8192K), 1 survivors (8192K)
 Metaspace       used 31571K, committed 31936K, reserved 1114112K
  class space    used 3601K, committed 3776K, reserved 1048576K
}
Event: 431.081 GC heap before
{Heap before GC invocations=11 (full 0):
 garbage-first heap   total 114688K, used 80345K [0x0000000413000000, 0x0000000800000000)
  region size 8192K, 8 young (65536K), 1 survivors (8192K)
 Metaspace       used 31646K, committed 32064K, reserved 1114112K
  class space    used 3601K, committed 3776K, reserved 1048576K
}
Event: 431.083 GC heap after
{Heap after GC invocations=12 (full 0):
 garbage-first heap   total 114688K, used 23060K [0x0000000413000000, 0x0000000800000000)
  region size 8192K, 1 young (8192K), 1 survivors (8192K)
 Metaspace       used 31646K, committed 32064K, reserved 1114112K
  class space    used 3601K, committed 3776K, reserved 1048576K
}
Event: 491.835 GC heap before
{Heap before GC invocations=12 (full 0):
 garbage-first heap   total 114688K, used 80404K [0x0000000413000000, 0x0000000800000000)
  region size 8192K, 8 young (65536K), 1 survivors (8192K)
 Metaspace       used 31660K, committed 32064K, reserved 1114112K
  class space    used 3601K, committed 3776K, reserved 1048576K
}
Event: 491.837 GC heap after
{Heap after GC invocations=13 (full 0):
 garbage-first heap   total 114688K, used 23096K [0x0000000413000000, 0x0000000800000000)
  region size 8192K, 1 young (8192K), 1 survivors (8192K)
 Metaspace       used 31660K, committed 32064K, reserved 1114112K
  class space    used 3601K, committed 3776K, reserved 1048576K
}
Event: 553.295 GC heap before
{Heap before GC invocations=13 (full 0):
 garbage-first heap   total 114688K, used 80440K [0x0000000413000000, 0x0000000800000000)
  region size 8192K, 8 young (65536K), 1 survivors (8192K)
 Metaspace       used 31695K, committed 32064K, reserved 1114112K
  class space    used 3601K, committed 3776K, reserved 1048576K
}
Event: 553.297 GC heap after
{Heap after GC invocations=14 (full 0):
 garbage-first heap   total 114688K, used 23009K [0x0000000413000000, 0x0000000800000000)
  region size 8192K, 1 young (8192K), 1 survivors (8192K)
 Metaspace       used 31695K, committed 32064K, reserved 1114112K
  class space    used 3601K, committed 3776K, reserved 1048576K
}
Event: 611.863 GC heap before
{Heap before GC invocations=14 (full 0):
 garbage-first heap   total 114688K, used 80353K [0x0000000413000000, 0x0000000800000000)
  region size 8192K, 8 young (65536K), 1 survivors (8192K)
 Metaspace       used 31724K, committed 32064K, reserved 1114112K
  class space    used 3601K, committed 3776K, reserved 1048576K
}
Event: 611.865 GC heap after
{Heap after GC invocations=15 (full 0):
 garbage-first heap   total 114688K, used 23082K [0x0000000413000000, 0x0000000800000000)
  region size 8192K, 1 young (8192K), 1 survivors (8192K)
 Metaspace       used 31724K, committed 32064K, reserved 1114112K
  class space    used 3601K, committed 3776K, reserved 1048576K
}

