# JRE version: OpenJDK Runtime Environment (21.0.7+6) (build 21.0.7+6-nixos)
# Java VM: OpenJDK 64-Bit Server VM (21.0.7+6-nixos, mixed mode, sharing, tiered, compressed oops, compressed class ptrs, g1 gc, linux-amd64)
GC Precious Log:
 CardTable entry size: 512
 Card Set container configuration: InlinePtr #cards 4 size 8 Array Of Cards #cards 64 size 144 Howl #buckets 8 coarsen threshold 14745 Howl Bitmap #cards 2048 size 272 coarsen threshold 1843 Card regions per heap region 1 cards per card region 16384
 CPUs: 8 total, 6 available
 Memory: 64306M
 Large Page Support: Disabled
 NUMA Support: Disabled
 Compressed Oops: Enabled (Zero based)
 Heap Region Size: 8M
 Heap Min Capacity: 8M
 Heap Initial Capacity: 1008M
 Heap Max Capacity: 16080M
 Pre-touch: Disabled
 Parallel Workers: 6
 Concurrent Workers: 2
 Concurrent Refinement Workers: 6
 Periodic GC: Disabled
Heap:
 garbage-first heap   total 90112K, used 44643K [0x0000000413000000, 0x0000000800000000)
  region size 8192K, 4 young (32768K), 1 survivors (8192K)
 Metaspace       used 39372K, committed 39744K, reserved 1114112K
  class space    used 4434K, committed 4608K, reserved 1048576K
GC Heap History (20 events):
Event: 1.058 GC heap before
{Heap before GC invocations=0 (full 0):
 garbage-first heap   total 1040384K, used 50225K [0x0000000413000000, 0x0000000800000000)
  region size 8192K, 6 young (49152K), 0 survivors (0K)
 Metaspace       used 15576K, committed 15744K, reserved 1114112K
  class space    used 1805K, committed 1856K, reserved 1048576K
}
Event: 1.077 GC heap after
{Heap after GC invocations=1 (full 0):
 garbage-first heap   total 1040384K, used 8390K [0x0000000413000000, 0x0000000800000000)
  region size 8192K, 1 young (8192K), 1 survivors (8192K)
 Metaspace       used 15576K, committed 15744K, reserved 1114112K
  class space    used 1805K, committed 1856K, reserved 1048576K
}
Event: 1.631 GC heap before
{Heap before GC invocations=1 (full 0):
 garbage-first heap   total 1040384K, used 24774K [0x0000000413000000, 0x0000000800000000)
  region size 8192K, 4 young (32768K), 1 survivors (8192K)
 Metaspace       used 21206K, committed 21504K, reserved 1114112K
  class space    used 2488K, committed 2624K, reserved 1048576K
}
Event: 1.638 GC heap after
{Heap after GC invocations=2 (full 0):
 garbage-first heap   total 1040384K, used 11479K [0x0000000413000000, 0x0000000800000000)
  region size 8192K, 1 young (8192K), 1 survivors (8192K)
 Metaspace       used 21206K, committed 21504K, reserved 1114112K
  class space    used 2488K, committed 2624K, reserved 1048576K
}
Event: 94.913 GC heap before
{Heap before GC invocations=3 (full 0):
 garbage-first heap   total 81920K, used 60631K [0x0000000413000000, 0x0000000800000000)
  region size 8192K, 7 young (57344K), 1 survivors (8192K)
 Metaspace       used 33738K, committed 34176K, reserved 1114112K
  class space    used 3851K, committed 4032K, reserved 1048576K
}
Event: 94.918 GC heap after
{Heap after GC invocations=4 (full 0):
 garbage-first heap   total 90112K, used 24011K [0x0000000413000000, 0x0000000800000000)
  region size 8192K, 1 young (8192K), 1 survivors (8192K)
 Metaspace       used 33738K, committed 34176K, reserved 1114112K
  class space    used 3851K, committed 4032K, reserved 1048576K
}
Event: 459.813 GC heap before
{Heap before GC invocations=4 (full 0):
 garbage-first heap   total 90112K, used 56779K [0x0000000413000000, 0x0000000800000000)
  region size 8192K, 5 young (40960K), 1 survivors (8192K)
 Metaspace       used 34188K, committed 34560K, reserved 1114112K
  class space    used 3854K, committed 4032K, reserved 1048576K
}
Event: 459.818 GC heap after
{Heap after GC invocations=5 (full 0):
 garbage-first heap   total 90112K, used 24956K [0x0000000413000000, 0x0000000800000000)
  region size 8192K, 1 young (8192K), 1 survivors (8192K)
 Metaspace       used 34188K, committed 34560K, reserved 1114112K
  class space    used 3854K, committed 4032K, reserved 1048576K
}
Event: 694.883 GC heap before
{Heap before GC invocations=5 (full 0):
 garbage-first heap   total 90112K, used 41340K [0x0000000413000000, 0x0000000800000000)
  region size 8192K, 4 young (32768K), 1 survivors (8192K)
 Metaspace       used 35585K, committed 35968K, reserved 1114112K
  class space    used 4025K, committed 4224K, reserved 1048576K
}
Event: 694.885 GC heap after
{Heap after GC invocations=6 (full 0):
 garbage-first heap   total 90112K, used 24673K [0x0000000413000000, 0x0000000800000000)
  region size 8192K, 1 young (8192K), 1 survivors (8192K)
 Metaspace       used 35585K, committed 35968K, reserved 1114112K
  class space    used 4025K, committed 4224K, reserved 1048576K
}
Event: 1028.115 GC heap before
{Heap before GC invocations=7 (full 0):
 garbage-first heap   total 90112K, used 57441K [0x0000000413000000, 0x0000000800000000)
  region size 8192K, 5 young (40960K), 1 survivors (8192K)
 Metaspace       used 37770K, committed 38144K, reserved 1114112K
  class space    used 4308K, committed 4480K, reserved 1048576K
}
Event: 1028.118 GC heap after
{Heap after GC invocations=8 (full 0):
 garbage-first heap   total 90112K, used 25584K [0x0000000413000000, 0x0000000800000000)
  region size 8192K, 1 young (8192K), 1 survivors (8192K)
 Metaspace       used 37770K, committed 38144K, reserved 1114112K
  class space    used 4308K, committed 4480K, reserved 1048576K
}
Event: 1414.478 GC heap before
{Heap before GC invocations=8 (full 0):
 garbage-first heap   total 90112K, used 58352K [0x0000000413000000, 0x0000000800000000)
  region size 8192K, 5 young (40960K), 1 survivors (8192K)
 Metaspace       used 38839K, committed 39296K, reserved 1114112K
  class space    used 4410K, committed 4608K, reserved 1048576K
}
Event: 1414.482 GC heap after
{Heap after GC invocations=9 (full 0):
 garbage-first heap   total 90112K, used 26450K [0x0000000413000000, 0x0000000800000000)
  region size 8192K, 1 young (8192K), 1 survivors (8192K)
 Metaspace       used 38839K, committed 39296K, reserved 1114112K
  class space    used 4410K, committed 4608K, reserved 1048576K
}
Event: 1954.472 GC heap before
{Heap before GC invocations=9 (full 0):
 garbage-first heap   total 90112K, used 67410K [0x0000000413000000, 0x0000000800000000)
  region size 8192K, 6 young (49152K), 1 survivors (8192K)
 Metaspace       used 38939K, committed 39360K, reserved 1114112K
  class space    used 4411K, committed 4608K, reserved 1048576K
}
Event: 1954.477 GC heap after
{Heap after GC invocations=10 (full 0):
 garbage-first heap   total 90112K, used 26891K [0x0000000413000000, 0x0000000800000000)
  region size 8192K, 1 young (8192K), 1 survivors (8192K)
 Metaspace       used 38939K, committed 39360K, reserved 1114112K
  class space    used 4411K, committed 4608K, reserved 1048576K
}
Event: 2488.721 GC heap before
{Heap before GC invocations=10 (full 0):
 garbage-first heap   total 90112K, used 67851K [0x0000000413000000, 0x0000000800000000)
  region size 8192K, 6 young (49152K), 1 survivors (8192K)
 Metaspace       used 39110K, committed 39488K, reserved 1114112K
  class space    used 4434K, committed 4608K, reserved 1048576K
}
Event: 2488.725 GC heap after
{Heap after GC invocations=11 (full 0):
 garbage-first heap   total 90112K, used 27744K [0x0000000413000000, 0x0000000800000000)
  region size 8192K, 1 young (8192K), 1 survivors (8192K)
 Metaspace       used 39110K, committed 39488K, reserved 1114112K
  class space    used 4434K, committed 4608K, reserved 1048576K
}
Event: 3035.810 GC heap before
{Heap before GC invocations=11 (full 0):
 garbage-first heap   total 90112K, used 68704K [0x0000000413000000, 0x0000000800000000)
  region size 8192K, 6 young (49152K), 1 survivors (8192K)
 Metaspace       used 39355K, committed 39744K, reserved 1114112K
  class space    used 4434K, committed 4608K, reserved 1048576K
}
Event: 3035.815 GC heap after
{Heap after GC invocations=12 (full 0):
 garbage-first heap   total 90112K, used 28259K [0x0000000413000000, 0x0000000800000000)
  region size 8192K, 1 young (8192K), 1 survivors (8192K)
 Metaspace       used 39355K, committed 39744K, reserved 1114112K
  class space    used 4434K, committed 4608K, reserved 1048576K
}

