# JRE version: OpenJDK Runtime Environment (21.0.7+6) (build 21.0.7+6-nixos)
# Java VM: OpenJDK 64-Bit Server VM (21.0.7+6-nixos, mixed mode, sharing, tiered, compressed oops, compressed class ptrs, g1 gc, linux-amd64)
GC Precious Log:
 CardTable entry size: 512
 Card Set container configuration: InlinePtr #cards 4 size 8 Array Of Cards #cards 64 size 144 Howl #buckets 8 coarsen threshold 14745 Howl Bitmap #cards 2048 size 272 coarsen threshold 1843 Card regions per heap region 1 cards per card region 16384
 CPUs: 8 total, 6 available
 Memory: 64306M
 Large Page Support: Disabled
 NUMA Support: Disabled
 Compressed Oops: Enabled (Zero based)
 Heap Region Size: 8M
 Heap Min Capacity: 8M
 Heap Initial Capacity: 1008M
 Heap Max Capacity: 16080M
 Pre-touch: Disabled
 Parallel Workers: 6
 Concurrent Workers: 2
 Concurrent Refinement Workers: 6
 Periodic GC: Disabled
Heap:
 garbage-first heap   total 90112K, used 45521K [0x0000000413000000, 0x0000000800000000)
  region size 8192K, 4 young (32768K), 1 survivors (8192K)
 Metaspace       used 39550K, committed 40000K, reserved 1114112K
  class space    used 4458K, committed 4672K, reserved 1048576K
GC Heap History (20 events):
Event: 1.945 GC heap before
{Heap before GC invocations=0 (full 0):
 garbage-first heap   total 1040384K, used 50225K [0x0000000413000000, 0x0000000800000000)
  region size 8192K, 6 young (49152K), 0 survivors (0K)
 Metaspace       used 15642K, committed 15872K, reserved 1114112K
  class space    used 1809K, committed 1920K, reserved 1048576K
}
Event: 1.958 GC heap after
{Heap after GC invocations=1 (full 0):
 garbage-first heap   total 1040384K, used 8210K [0x0000000413000000, 0x0000000800000000)
  region size 8192K, 1 young (8192K), 1 survivors (8192K)
 Metaspace       used 15642K, committed 15872K, reserved 1114112K
  class space    used 1809K, committed 1920K, reserved 1048576K
}
Event: 3.105 GC heap before
{Heap before GC invocations=1 (full 0):
 garbage-first heap   total 1040384K, used 16402K [0x0000000413000000, 0x0000000800000000)
  region size 8192K, 3 young (24576K), 1 survivors (8192K)
 Metaspace       used 21228K, committed 21504K, reserved 1114112K
  class space    used 2499K, committed 2624K, reserved 1048576K
}
Event: 3.116 GC heap after
{Heap after GC invocations=2 (full 0):
 garbage-first heap   total 1040384K, used 11548K [0x0000000413000000, 0x0000000800000000)
  region size 8192K, 1 young (8192K), 1 survivors (8192K)
 Metaspace       used 21228K, committed 21504K, reserved 1114112K
  class space    used 2499K, committed 2624K, reserved 1048576K
}
Event: 90.237 GC heap before
{Heap before GC invocations=3 (full 0):
 garbage-first heap   total 81920K, used 68892K [0x0000000413000000, 0x0000000800000000)
  region size 8192K, 7 young (57344K), 1 survivors (8192K)
 Metaspace       used 33753K, committed 34048K, reserved 1114112K
  class space    used 3851K, committed 3968K, reserved 1048576K
}
Event: 90.241 GC heap after
{Heap after GC invocations=4 (full 0):
 garbage-first heap   total 90112K, used 24228K [0x0000000413000000, 0x0000000800000000)
  region size 8192K, 1 young (8192K), 1 survivors (8192K)
 Metaspace       used 33753K, committed 34048K, reserved 1114112K
  class space    used 3851K, committed 3968K, reserved 1048576K
}
Event: 457.890 GC heap before
{Heap before GC invocations=4 (full 0):
 garbage-first heap   total 90112K, used 56996K [0x0000000413000000, 0x0000000800000000)
  region size 8192K, 5 young (40960K), 1 survivors (8192K)
 Metaspace       used 34195K, committed 34496K, reserved 1114112K
  class space    used 3853K, committed 3968K, reserved 1048576K
}
Event: 457.895 GC heap after
{Heap after GC invocations=5 (full 0):
 garbage-first heap   total 90112K, used 24923K [0x0000000413000000, 0x0000000800000000)
  region size 8192K, 1 young (8192K), 1 survivors (8192K)
 Metaspace       used 34195K, committed 34496K, reserved 1114112K
  class space    used 3853K, committed 3968K, reserved 1048576K
}
Event: 696.584 GC heap before
{Heap before GC invocations=5 (full 0):
 garbage-first heap   total 90112K, used 41307K [0x0000000413000000, 0x0000000800000000)
  region size 8192K, 4 young (32768K), 1 survivors (8192K)
 Metaspace       used 35619K, committed 35968K, reserved 1114112K
  class space    used 4020K, committed 4224K, reserved 1048576K
}
Event: 696.585 GC heap after
{Heap after GC invocations=6 (full 0):
 garbage-first heap   total 90112K, used 24695K [0x0000000413000000, 0x0000000800000000)
  region size 8192K, 1 young (8192K), 1 survivors (8192K)
 Metaspace       used 35619K, committed 35968K, reserved 1114112K
  class space    used 4020K, committed 4224K, reserved 1048576K
}
Event: 982.931 GC heap before
{Heap before GC invocations=7 (full 0):
 garbage-first heap   total 90112K, used 57463K [0x0000000413000000, 0x0000000800000000)
  region size 8192K, 5 young (40960K), 1 survivors (8192K)
 Metaspace       used 38836K, committed 39296K, reserved 1114112K
  class space    used 4434K, committed 4672K, reserved 1048576K
}
Event: 982.933 GC heap after
{Heap after GC invocations=8 (full 0):
 garbage-first heap   total 90112K, used 26095K [0x0000000413000000, 0x0000000800000000)
  region size 8192K, 1 young (8192K), 1 survivors (8192K)
 Metaspace       used 38836K, committed 39296K, reserved 1114112K
  class space    used 4434K, committed 4672K, reserved 1048576K
}
Event: 1403.344 GC heap before
{Heap before GC invocations=8 (full 0):
 garbage-first heap   total 90112K, used 58863K [0x0000000413000000, 0x0000000800000000)
  region size 8192K, 5 young (40960K), 1 survivors (8192K)
 Metaspace       used 39021K, committed 39488K, reserved 1114112K
  class space    used 4434K, committed 4672K, reserved 1048576K
}
Event: 1403.348 GC heap after
{Heap after GC invocations=9 (full 0):
 garbage-first heap   total 90112K, used 26780K [0x0000000413000000, 0x0000000800000000)
  region size 8192K, 1 young (8192K), 1 survivors (8192K)
 Metaspace       used 39021K, committed 39488K, reserved 1114112K
  class space    used 4434K, committed 4672K, reserved 1048576K
}
Event: 1941.383 GC heap before
{Heap before GC invocations=9 (full 0):
 garbage-first heap   total 90112K, used 67740K [0x0000000413000000, 0x0000000800000000)
  region size 8192K, 6 young (49152K), 1 survivors (8192K)
 Metaspace       used 39098K, committed 39552K, reserved 1114112K
  class space    used 4435K, committed 4672K, reserved 1048576K
}
Event: 1941.385 GC heap after
{Heap after GC invocations=10 (full 0):
 garbage-first heap   total 90112K, used 27346K [0x0000000413000000, 0x0000000800000000)
  region size 8192K, 1 young (8192K), 1 survivors (8192K)
 Metaspace       used 39098K, committed 39552K, reserved 1114112K
  class space    used 4435K, committed 4672K, reserved 1048576K
}
Event: 2469.072 GC heap before
{Heap before GC invocations=10 (full 0):
 garbage-first heap   total 90112K, used 68306K [0x0000000413000000, 0x0000000800000000)
  region size 8192K, 6 young (49152K), 1 survivors (8192K)
 Metaspace       used 39284K, committed 39744K, reserved 1114112K
  class space    used 4458K, committed 4672K, reserved 1048576K
}
Event: 2469.075 GC heap after
{Heap after GC invocations=11 (full 0):
 garbage-first heap   total 90112K, used 28249K [0x0000000413000000, 0x0000000800000000)
  region size 8192K, 1 young (8192K), 1 survivors (8192K)
 Metaspace       used 39284K, committed 39744K, reserved 1114112K
  class space    used 4458K, committed 4672K, reserved 1048576K
}
Event: 3013.524 GC heap before
{Heap before GC invocations=11 (full 0):
 garbage-first heap   total 90112K, used 69209K [0x0000000413000000, 0x0000000800000000)
  region size 8192K, 6 young (49152K), 1 survivors (8192K)
 Metaspace       used 39535K, committed 39936K, reserved 1114112K
  class space    used 4458K, committed 4672K, reserved 1048576K
}
Event: 3013.528 GC heap after
{Heap after GC invocations=12 (full 0):
 garbage-first heap   total 90112K, used 29137K [0x0000000413000000, 0x0000000800000000)
  region size 8192K, 1 young (8192K), 1 survivors (8192K)
 Metaspace       used 39535K, committed 39936K, reserved 1114112K
  class space    used 4458K, committed 4672K, reserved 1048576K
}

