# JRE version: OpenJDK Runtime Environment (21.0.7+6) (build 21.0.7+6-nixos)
# Java VM: OpenJDK 64-Bit Server VM (21.0.7+6-nixos, mixed mode, sharing, tiered, compressed oops, compressed class ptrs, g1 gc, linux-amd64)
GC Precious Log:
 CardTable entry size: 512
 Card Set container configuration: InlinePtr #cards 4 size 8 Array Of Cards #cards 64 size 144 Howl #buckets 8 coarsen threshold 14745 Howl Bitmap #cards 2048 size 272 coarsen threshold 1843 Card regions per heap region 1 cards per card region 16384
 CPUs: 8 total, 6 available
 Memory: 64306M
 Large Page Support: Disabled
 NUMA Support: Disabled
 Compressed Oops: Enabled (Zero based)
 Heap Region Size: 8M
 Heap Min Capacity: 8M
 Heap Initial Capacity: 1008M
 Heap Max Capacity: 16080M
 Pre-touch: Disabled
 Parallel Workers: 6
 Concurrent Workers: 2
 Concurrent Refinement Workers: 6
 Periodic GC: Disabled
Heap:
 garbage-first heap   total 114688K, used 46879K [0x0000000413000000, 0x0000000800000000)
  region size 8192K, 5 young (40960K), 1 survivors (8192K)
 Metaspace       used 30755K, committed 31168K, reserved 1114112K
  class space    used 3535K, committed 3712K, reserved 1048576K
GC Heap History (8 events):
Event: 4.302 GC heap before
{Heap before GC invocations=0 (full 0):
 garbage-first heap   total 1040384K, used 50225K [0x0000000413000000, 0x0000000800000000)
  region size 8192K, 6 young (49152K), 0 survivors (0K)
 Metaspace       used 15500K, committed 15744K, reserved 1114112K
  class space    used 1898K, committed 1984K, reserved 1048576K
}
Event: 4.307 GC heap after
{Heap after GC invocations=1 (full 0):
 garbage-first heap   total 1040384K, used 9104K [0x0000000413000000, 0x0000000800000000)
  region size 8192K, 1 young (8192K), 1 survivors (8192K)
 Metaspace       used 15500K, committed 15744K, reserved 1114112K
  class space    used 1898K, committed 1984K, reserved 1048576K
}
Event: 4.990 GC heap before
{Heap before GC invocations=1 (full 0):
 garbage-first heap   total 1040384K, used 33680K [0x0000000413000000, 0x0000000800000000)
  region size 8192K, 4 young (32768K), 1 survivors (8192K)
 Metaspace       used 21219K, committed 21504K, reserved 1114112K
  class space    used 2540K, committed 2688K, reserved 1048576K
}
Event: 4.994 GC heap after
{Heap after GC invocations=2 (full 0):
 garbage-first heap   total 1040384K, used 19661K [0x0000000413000000, 0x0000000800000000)
  region size 8192K, 1 young (8192K), 1 survivors (8192K)
 Metaspace       used 21219K, committed 21504K, reserved 1114112K
  class space    used 2540K, committed 2688K, reserved 1048576K
}
Event: 1199.456 GC heap before
{Heap before GC invocations=3 (full 0):
 garbage-first heap   total 114688K, used 68813K [0x0000000413000000, 0x0000000800000000)
  region size 8192K, 7 young (57344K), 1 survivors (8192K)
 Metaspace       used 27819K, committed 28160K, reserved 1114112K
  class space    used 3225K, committed 3392K, reserved 1048576K
}
Event: 1199.459 GC heap after
{Heap after GC invocations=4 (full 0):
 garbage-first heap   total 114688K, used 21592K [0x0000000413000000, 0x0000000800000000)
  region size 8192K, 1 young (8192K), 1 survivors (8192K)
 Metaspace       used 27819K, committed 28160K, reserved 1114112K
  class space    used 3225K, committed 3392K, reserved 1048576K
}
Event: 2961.819 GC heap before
{Heap before GC invocations=4 (full 0):
 garbage-first heap   total 114688K, used 62552K [0x0000000413000000, 0x0000000800000000)
  region size 8192K, 7 young (57344K), 1 survivors (8192K)
 Metaspace       used 30734K, committed 31104K, reserved 1114112K
  class space    used 3534K, committed 3712K, reserved 1048576K
}
Event: 2961.826 GC heap after
{Heap after GC invocations=5 (full 0):
 garbage-first heap   total 114688K, used 22303K [0x0000000413000000, 0x0000000800000000)
  region size 8192K, 1 young (8192K), 1 survivors (8192K)
 Metaspace       used 30734K, committed 31104K, reserved 1114112K
  class space    used 3534K, committed 3712K, reserved 1048576K
}

