# JRE version: OpenJDK Runtime Environment (21.0.7+6) (build 21.0.7+6-nixos)
# Java VM: OpenJDK 64-Bit Server VM (21.0.7+6-nixos, mixed mode, sharing, tiered, compressed oops, compressed class ptrs, g1 gc, linux-amd64)
GC Precious Log:
 CardTable entry size: 512
 Card Set container configuration: InlinePtr #cards 4 size 8 Array Of Cards #cards 64 size 144 Howl #buckets 8 coarsen threshold 14745 Howl Bitmap #cards 2048 size 272 coarsen threshold 1843 Card regions per heap region 1 cards per card region 16384
 CPUs: 8 total, 6 available
 Memory: 64306M
 Large Page Support: Disabled
 NUMA Support: Disabled
 Compressed Oops: Enabled (Zero based)
 Heap Region Size: 8M
 Heap Min Capacity: 8M
 Heap Initial Capacity: 1008M
 Heap Max Capacity: 16080M
 Pre-touch: Disabled
 Parallel Workers: 6
 Concurrent Workers: 2
 Concurrent Refinement Workers: 6
 Periodic GC: Disabled
Heap:
 garbage-first heap   total 90112K, used 51087K [0x0000000413000000, 0x0000000800000000)
  region size 8192K, 5 young (40960K), 1 survivors (8192K)
 Metaspace       used 40053K, committed 40448K, reserved 1114112K
  class space    used 4556K, committed 4736K, reserved 1048576K
GC Heap History (20 events):
Event: 565.386 GC heap before
{Heap before GC invocations=5 (full 0):
 garbage-first heap   total 90112K, used 57771K [0x0000000413000000, 0x0000000800000000)
  region size 8192K, 5 young (40960K), 1 survivors (8192K)
 Metaspace       used 34672K, committed 35136K, reserved 1114112K
  class space    used 3931K, committed 4160K, reserved 1048576K
}
Event: 565.387 GC heap after
{Heap after GC invocations=6 (full 0):
 garbage-first heap   total 90112K, used 24165K [0x0000000413000000, 0x0000000800000000)
  region size 8192K, 1 young (8192K), 1 survivors (8192K)
 Metaspace       used 34672K, committed 35136K, reserved 1114112K
  class space    used 3931K, committed 4160K, reserved 1048576K
}
Event: 696.213 GC heap before
{Heap before GC invocations=6 (full 0):
 garbage-first heap   total 90112K, used 40549K [0x0000000413000000, 0x0000000800000000)
  region size 8192K, 4 young (32768K), 1 survivors (8192K)
 Metaspace       used 35598K, committed 35968K, reserved 1114112K
  class space    used 4051K, committed 4224K, reserved 1048576K
}
Event: 696.214 GC heap after
{Heap after GC invocations=7 (full 0):
 garbage-first heap   total 90112K, used 24143K [0x0000000413000000, 0x0000000800000000)
  region size 8192K, 1 young (8192K), 1 survivors (8192K)
 Metaspace       used 35598K, committed 35968K, reserved 1114112K
  class space    used 4051K, committed 4224K, reserved 1048576K
}
Event: 855.162 GC heap before
{Heap before GC invocations=8 (full 0):
 garbage-first heap   total 90112K, used 56911K [0x0000000413000000, 0x0000000800000000)
  region size 8192K, 5 young (40960K), 1 survivors (8192K)
 Metaspace       used 39239K, committed 39680K, reserved 1114112K
  class space    used 4526K, committed 4736K, reserved 1048576K
}
Event: 855.164 GC heap after
{Heap after GC invocations=9 (full 0):
 garbage-first heap   total 90112K, used 25761K [0x0000000413000000, 0x0000000800000000)
  region size 8192K, 1 young (8192K), 1 survivors (8192K)
 Metaspace       used 39239K, committed 39680K, reserved 1114112K
  class space    used 4526K, committed 4736K, reserved 1048576K
}
Event: 1118.365 GC heap before
{Heap before GC invocations=9 (full 0):
 garbage-first heap   total 90112K, used 58529K [0x0000000413000000, 0x0000000800000000)
  region size 8192K, 5 young (40960K), 1 survivors (8192K)
 Metaspace       used 39301K, committed 39744K, reserved 1114112K
  class space    used 4526K, committed 4736K, reserved 1048576K
}
Event: 1118.368 GC heap after
{Heap after GC invocations=10 (full 0):
 garbage-first heap   total 90112K, used 25855K [0x0000000413000000, 0x0000000800000000)
  region size 8192K, 1 young (8192K), 1 survivors (8192K)
 Metaspace       used 39301K, committed 39744K, reserved 1114112K
  class space    used 4526K, committed 4736K, reserved 1048576K
}
Event: 1447.468 GC heap before
{Heap before GC invocations=10 (full 0):
 garbage-first heap   total 90112K, used 66815K [0x0000000413000000, 0x0000000800000000)
  region size 8192K, 6 young (49152K), 1 survivors (8192K)
 Metaspace       used 39473K, committed 39872K, reserved 1114112K
  class space    used 4526K, committed 4736K, reserved 1048576K
}
Event: 1447.475 GC heap after
{Heap after GC invocations=11 (full 0):
 garbage-first heap   total 90112K, used 25993K [0x0000000413000000, 0x0000000800000000)
  region size 8192K, 1 young (8192K), 1 survivors (8192K)
 Metaspace       used 39473K, committed 39872K, reserved 1114112K
  class space    used 4526K, committed 4736K, reserved 1048576K
}
Event: 1779.652 GC heap before
{Heap before GC invocations=11 (full 0):
 garbage-first heap   total 90112K, used 66953K [0x0000000413000000, 0x0000000800000000)
  region size 8192K, 6 young (49152K), 1 survivors (8192K)
 Metaspace       used 39501K, committed 39936K, reserved 1114112K
  class space    used 4527K, committed 4736K, reserved 1048576K
}
Event: 1779.653 GC heap after
{Heap after GC invocations=12 (full 0):
 garbage-first heap   total 90112K, used 26058K [0x0000000413000000, 0x0000000800000000)
  region size 8192K, 1 young (8192K), 1 survivors (8192K)
 Metaspace       used 39501K, committed 39936K, reserved 1114112K
  class space    used 4527K, committed 4736K, reserved 1048576K
}
Event: 2097.215 GC heap before
{Heap before GC invocations=12 (full 0):
 garbage-first heap   total 90112K, used 67018K [0x0000000413000000, 0x0000000800000000)
  region size 8192K, 6 young (49152K), 1 survivors (8192K)
 Metaspace       used 39773K, committed 40128K, reserved 1114112K
  class space    used 4556K, committed 4736K, reserved 1048576K
}
Event: 2097.218 GC heap after
{Heap after GC invocations=13 (full 0):
 garbage-first heap   total 90112K, used 26244K [0x0000000413000000, 0x0000000800000000)
  region size 8192K, 1 young (8192K), 1 survivors (8192K)
 Metaspace       used 39773K, committed 40128K, reserved 1114112K
  class space    used 4556K, committed 4736K, reserved 1048576K
}
Event: 2427.092 GC heap before
{Heap before GC invocations=13 (full 0):
 garbage-first heap   total 90112K, used 67204K [0x0000000413000000, 0x0000000800000000)
  region size 8192K, 6 young (49152K), 1 survivors (8192K)
 Metaspace       used 39787K, committed 40192K, reserved 1114112K
  class space    used 4556K, committed 4736K, reserved 1048576K
}
Event: 2427.093 GC heap after
{Heap after GC invocations=14 (full 0):
 garbage-first heap   total 90112K, used 26493K [0x0000000413000000, 0x0000000800000000)
  region size 8192K, 1 young (8192K), 1 survivors (8192K)
 Metaspace       used 39787K, committed 40192K, reserved 1114112K
  class space    used 4556K, committed 4736K, reserved 1048576K
}
Event: 2759.191 GC heap before
{Heap before GC invocations=14 (full 0):
 garbage-first heap   total 90112K, used 67453K [0x0000000413000000, 0x0000000800000000)
  region size 8192K, 6 young (49152K), 1 survivors (8192K)
 Metaspace       used 40017K, committed 40448K, reserved 1114112K
  class space    used 4556K, committed 4736K, reserved 1048576K
}
Event: 2759.192 GC heap after
{Heap after GC invocations=15 (full 0):
 garbage-first heap   total 90112K, used 26342K [0x0000000413000000, 0x0000000800000000)
  region size 8192K, 1 young (8192K), 1 survivors (8192K)
 Metaspace       used 40017K, committed 40448K, reserved 1114112K
  class space    used 4556K, committed 4736K, reserved 1048576K
}
Event: 3090.190 GC heap before
{Heap before GC invocations=15 (full 0):
 garbage-first heap   total 90112K, used 67302K [0x0000000413000000, 0x0000000800000000)
  region size 8192K, 6 young (49152K), 1 survivors (8192K)
 Metaspace       used 40031K, committed 40448K, reserved 1114112K
  class space    used 4556K, committed 4736K, reserved 1048576K
}
Event: 3090.191 GC heap after
{Heap after GC invocations=16 (full 0):
 garbage-first heap   total 90112K, used 26511K [0x0000000413000000, 0x0000000800000000)
  region size 8192K, 1 young (8192K), 1 survivors (8192K)
 Metaspace       used 40031K, committed 40448K, reserved 1114112K
  class space    used 4556K, committed 4736K, reserved 1048576K
}

